Analysis & Synthesis report for core
Wed Mar 04 23:21:14 2015
Quartus II 64-Bit Version 14.0.0 Build 200 06/17/2014 SJ Web Edition


---------------------
; Table of Contents ;
---------------------
  1. Legal Notice
  2. Analysis & Synthesis Summary
  3. Analysis & Synthesis Settings
  4. Parallel Compilation
  5. Analysis & Synthesis Source Files Read
  6. Analysis & Synthesis Resource Usage Summary
  7. Analysis & Synthesis Resource Utilization by Entity
  8. Analysis & Synthesis RAM Summary
  9. Registers Removed During Synthesis
 10. General Register Statistics
 11. Registers Added for RAM Pass-Through Logic
 12. Multiplexer Restructuring Statistics (Restructuring Performed)
 13. Source assignments for instr_mem:imem|altsyncram:mem[0].opcode[4]__1|altsyncram_42e1:auto_generated
 14. Source assignments for reg_file:rf|altsyncram:rf_rtl_0|altsyncram_9sd1:auto_generated
 15. Source assignments for reg_file:rf|altsyncram:rf_rtl_1|altsyncram_9sd1:auto_generated
 16. Parameter Settings for User Entity Instance: Top-level Entity: |core
 17. Parameter Settings for User Entity Instance: instr_mem:imem
 18. Parameter Settings for User Entity Instance: instr_mem:imem|altsyncram:mem[0].opcode[4]__1
 19. Parameter Settings for User Entity Instance: reg_file:rf
 20. Parameter Settings for Inferred Entity Instance: reg_file:rf|altsyncram:rf_rtl_0
 21. Parameter Settings for Inferred Entity Instance: reg_file:rf|altsyncram:rf_rtl_1
 22. altsyncram Parameter Settings by Entity Instance
 23. Port Connectivity Checks: "reg_file:rf"
 24. Post-Synthesis Netlist Statistics for Top Partition
 25. Elapsed Time Per Partition
 26. Analysis & Synthesis Messages
 27. Analysis & Synthesis Suppressed Messages



----------------
; Legal Notice ;
----------------
Copyright (C) 1991-2014 Altera Corporation. All rights reserved.
Your use of Altera Corporation's design tools, logic functions 
and other software and tools, and its AMPP partner logic 
functions, and any output files from any of the foregoing 
(including device programming or simulation files), and any 
associated documentation or information are expressly subject 
to the terms and conditions of the Altera Program License 
Subscription Agreement, the Altera Quartus II License Agreement,
the Altera MegaCore Function License Agreement, or other 
applicable license agreement, including, without limitation, 
that your use is for the sole purpose of programming logic 
devices manufactured by Altera and sold by Altera or its 
authorized distributors.  Please refer to the applicable 
agreement for further details.



+---------------------------------------------------------------------------------+
; Analysis & Synthesis Summary                                                    ;
+------------------------------------+--------------------------------------------+
; Analysis & Synthesis Status        ; Successful - Wed Mar 04 23:21:14 2015      ;
; Quartus II 64-Bit Version          ; 14.0.0 Build 200 06/17/2014 SJ Web Edition ;
; Revision Name                      ; core                                       ;
; Top-level Entity Name              ; core                                       ;
; Family                             ; Cyclone IV E                               ;
; Total logic elements               ; 1,786                                      ;
;     Total combinational functions  ; 1,614                                      ;
;     Dedicated logic registers      ; 370                                        ;
; Total registers                    ; 370                                        ;
; Total pins                         ; 272                                        ;
; Total virtual pins                 ; 0                                          ;
; Total memory bits                  ; 20,480                                     ;
; Embedded Multiplier 9-bit elements ; 0                                          ;
; Total PLLs                         ; 0                                          ;
+------------------------------------+--------------------------------------------+


+----------------------------------------------------------------------------------------------------------------------+
; Analysis & Synthesis Settings                                                                                        ;
+----------------------------------------------------------------------------+--------------------+--------------------+
; Option                                                                     ; Setting            ; Default Value      ;
+----------------------------------------------------------------------------+--------------------+--------------------+
; Device                                                                     ; EP4CE40F29C6       ;                    ;
; Top-level entity name                                                      ; core               ; core               ;
; Family name                                                                ; Cyclone IV E       ; Cyclone IV GX      ;
; Use smart compilation                                                      ; Off                ; Off                ;
; Enable parallel Assembler and TimeQuest Timing Analyzer during compilation ; On                 ; On                 ;
; Enable compact report table                                                ; Off                ; Off                ;
; Restructure Multiplexers                                                   ; Auto               ; Auto               ;
; Create Debugging Nodes for IP Cores                                        ; Off                ; Off                ;
; Preserve fewer node names                                                  ; On                 ; On                 ;
; Disable OpenCore Plus hardware evaluation                                  ; Off                ; Off                ;
; Verilog Version                                                            ; Verilog_2001       ; Verilog_2001       ;
; VHDL Version                                                               ; VHDL_1993          ; VHDL_1993          ;
; State Machine Processing                                                   ; Auto               ; Auto               ;
; Safe State Machine                                                         ; Off                ; Off                ;
; Extract Verilog State Machines                                             ; On                 ; On                 ;
; Extract VHDL State Machines                                                ; On                 ; On                 ;
; Ignore Verilog initial constructs                                          ; Off                ; Off                ;
; Iteration limit for constant Verilog loops                                 ; 5000               ; 5000               ;
; Iteration limit for non-constant Verilog loops                             ; 250                ; 250                ;
; Add Pass-Through Logic to Inferred RAMs                                    ; On                 ; On                 ;
; Infer RAMs from Raw Logic                                                  ; On                 ; On                 ;
; Parallel Synthesis                                                         ; On                 ; On                 ;
; DSP Block Balancing                                                        ; Auto               ; Auto               ;
; NOT Gate Push-Back                                                         ; On                 ; On                 ;
; Power-Up Don't Care                                                        ; On                 ; On                 ;
; Remove Redundant Logic Cells                                               ; Off                ; Off                ;
; Remove Duplicate Registers                                                 ; On                 ; On                 ;
; Ignore CARRY Buffers                                                       ; Off                ; Off                ;
; Ignore CASCADE Buffers                                                     ; Off                ; Off                ;
; Ignore GLOBAL Buffers                                                      ; Off                ; Off                ;
; Ignore ROW GLOBAL Buffers                                                  ; Off                ; Off                ;
; Ignore LCELL Buffers                                                       ; Off                ; Off                ;
; Ignore SOFT Buffers                                                        ; On                 ; On                 ;
; Limit AHDL Integers to 32 Bits                                             ; Off                ; Off                ;
; Optimization Technique                                                     ; Balanced           ; Balanced           ;
; Carry Chain Length                                                         ; 70                 ; 70                 ;
; Auto Carry Chains                                                          ; On                 ; On                 ;
; Auto Open-Drain Pins                                                       ; On                 ; On                 ;
; Perform WYSIWYG Primitive Resynthesis                                      ; Off                ; Off                ;
; Auto ROM Replacement                                                       ; On                 ; On                 ;
; Auto RAM Replacement                                                       ; On                 ; On                 ;
; Auto DSP Block Replacement                                                 ; On                 ; On                 ;
; Auto Shift Register Replacement                                            ; Auto               ; Auto               ;
; Allow Shift Register Merging across Hierarchies                            ; Auto               ; Auto               ;
; Auto Clock Enable Replacement                                              ; On                 ; On                 ;
; Strict RAM Replacement                                                     ; Off                ; Off                ;
; Allow Synchronous Control Signals                                          ; On                 ; On                 ;
; Force Use of Synchronous Clear Signals                                     ; Off                ; Off                ;
; Auto RAM Block Balancing                                                   ; On                 ; On                 ;
; Auto RAM to Logic Cell Conversion                                          ; Off                ; Off                ;
; Auto Resource Sharing                                                      ; Off                ; Off                ;
; Allow Any RAM Size For Recognition                                         ; Off                ; Off                ;
; Allow Any ROM Size For Recognition                                         ; Off                ; Off                ;
; Allow Any Shift Register Size For Recognition                              ; Off                ; Off                ;
; Use LogicLock Constraints during Resource Balancing                        ; On                 ; On                 ;
; Ignore translate_off and synthesis_off directives                          ; Off                ; Off                ;
; Timing-Driven Synthesis                                                    ; On                 ; On                 ;
; Report Parameter Settings                                                  ; On                 ; On                 ;
; Report Source Assignments                                                  ; On                 ; On                 ;
; Report Connectivity Checks                                                 ; On                 ; On                 ;
; Ignore Maximum Fan-Out Assignments                                         ; Off                ; Off                ;
; Synchronization Register Chain Length                                      ; 2                  ; 2                  ;
; PowerPlay Power Optimization                                               ; Normal compilation ; Normal compilation ;
; HDL message level                                                          ; Level2             ; Level2             ;
; Suppress Register Optimization Related Messages                            ; Off                ; Off                ;
; Number of Removed Registers Reported in Synthesis Report                   ; 5000               ; 5000               ;
; Number of Swept Nodes Reported in Synthesis Report                         ; 5000               ; 5000               ;
; Number of Inverted Registers Reported in Synthesis Report                  ; 100                ; 100                ;
; Clock MUX Protection                                                       ; On                 ; On                 ;
; Auto Gated Clock Conversion                                                ; Off                ; Off                ;
; Block Design Naming                                                        ; Auto               ; Auto               ;
; SDC constraint protection                                                  ; Off                ; Off                ;
; Synthesis Effort                                                           ; Auto               ; Auto               ;
; Shift Register Replacement - Allow Asynchronous Clear Signal               ; On                 ; On                 ;
; Pre-Mapping Resynthesis Optimization                                       ; Off                ; Off                ;
; Analysis & Synthesis Message Level                                         ; Medium             ; Medium             ;
; Disable Register Merging Across Hierarchies                                ; Auto               ; Auto               ;
; Resource Aware Inference For Block RAM                                     ; On                 ; On                 ;
; Synthesis Seed                                                             ; 1                  ; 1                  ;
+----------------------------------------------------------------------------+--------------------+--------------------+


Parallel compilation was disabled, but you have multiple processors available. Enable parallel compilation to reduce compilation time.
+-------------------------------------+
; Parallel Compilation                ;
+----------------------------+--------+
; Processors                 ; Number ;
+----------------------------+--------+
; Number detected on machine ; 8      ;
; Maximum allowed            ; 1      ;
+----------------------------+--------+


+--------------------------------------------------------------------------------------------------------------------------------------------------------------------------------+
; Analysis & Synthesis Source Files Read                                                                                                                                         ;
+----------------------------------+-----------------+------------------------------+----------------------------------------------------------------------------------+---------+
; File Name with User-Entered Path ; Used in Netlist ; File Type                    ; File Name with Absolute Path                                                     ; Library ;
+----------------------------------+-----------------+------------------------------+----------------------------------------------------------------------------------+---------+
; XM_reg.sv                        ; yes             ; User SystemVerilog HDL File  ; C:/Users/heng_2/Desktop/fucked up 141 L/5-stages-pipeline/XM_reg.sv              ;         ;
; reg_file.sv                      ; yes             ; User SystemVerilog HDL File  ; C:/Users/heng_2/Desktop/fucked up 141 L/5-stages-pipeline/reg_file.sv            ;         ;
; MW_reg.sv                        ; yes             ; User SystemVerilog HDL File  ; C:/Users/heng_2/Desktop/fucked up 141 L/5-stages-pipeline/MW_reg.sv              ;         ;
; instr_mem.sv                     ; yes             ; User SystemVerilog HDL File  ; C:/Users/heng_2/Desktop/fucked up 141 L/5-stages-pipeline/instr_mem.sv           ;         ;
; hazard_detection.sv              ; yes             ; User SystemVerilog HDL File  ; C:/Users/heng_2/Desktop/fucked up 141 L/5-stages-pipeline/hazard_detection.sv    ;         ;
; FD_reg.sv                        ; yes             ; User SystemVerilog HDL File  ; C:/Users/heng_2/Desktop/fucked up 141 L/5-stages-pipeline/FD_reg.sv              ;         ;
; DX_reg.sv                        ; yes             ; User SystemVerilog HDL File  ; C:/Users/heng_2/Desktop/fucked up 141 L/5-stages-pipeline/DX_reg.sv              ;         ;
; definitions.sv                   ; yes             ; User SystemVerilog HDL File  ; C:/Users/heng_2/Desktop/fucked up 141 L/5-stages-pipeline/definitions.sv         ;         ;
; core.sv                          ; yes             ; User SystemVerilog HDL File  ; C:/Users/heng_2/Desktop/fucked up 141 L/5-stages-pipeline/core.sv                ;         ;
; cl_state_machine.sv              ; yes             ; User SystemVerilog HDL File  ; C:/Users/heng_2/Desktop/fucked up 141 L/5-stages-pipeline/cl_state_machine.sv    ;         ;
; cl_decode.sv                     ; yes             ; User SystemVerilog HDL File  ; C:/Users/heng_2/Desktop/fucked up 141 L/5-stages-pipeline/cl_decode.sv           ;         ;
; alu.sv                           ; yes             ; User SystemVerilog HDL File  ; C:/Users/heng_2/Desktop/fucked up 141 L/5-stages-pipeline/alu.sv                 ;         ;
; altsyncram.tdf                   ; yes             ; Megafunction                 ; d:/altera/14.0/quartus/libraries/megafunctions/altsyncram.tdf                    ;         ;
; stratix_ram_block.inc            ; yes             ; Megafunction                 ; d:/altera/14.0/quartus/libraries/megafunctions/stratix_ram_block.inc             ;         ;
; lpm_mux.inc                      ; yes             ; Megafunction                 ; d:/altera/14.0/quartus/libraries/megafunctions/lpm_mux.inc                       ;         ;
; lpm_decode.inc                   ; yes             ; Megafunction                 ; d:/altera/14.0/quartus/libraries/megafunctions/lpm_decode.inc                    ;         ;
; aglobal140.inc                   ; yes             ; Megafunction                 ; d:/altera/14.0/quartus/libraries/megafunctions/aglobal140.inc                    ;         ;
; a_rdenreg.inc                    ; yes             ; Megafunction                 ; d:/altera/14.0/quartus/libraries/megafunctions/a_rdenreg.inc                     ;         ;
; altrom.inc                       ; yes             ; Megafunction                 ; d:/altera/14.0/quartus/libraries/megafunctions/altrom.inc                        ;         ;
; altram.inc                       ; yes             ; Megafunction                 ; d:/altera/14.0/quartus/libraries/megafunctions/altram.inc                        ;         ;
; altdpram.inc                     ; yes             ; Megafunction                 ; d:/altera/14.0/quartus/libraries/megafunctions/altdpram.inc                      ;         ;
; db/altsyncram_42e1.tdf           ; yes             ; Auto-Generated Megafunction  ; C:/Users/heng_2/Desktop/fucked up 141 L/5-stages-pipeline/db/altsyncram_42e1.tdf ;         ;
; db/altsyncram_9sd1.tdf           ; yes             ; Auto-Generated Megafunction  ; C:/Users/heng_2/Desktop/fucked up 141 L/5-stages-pipeline/db/altsyncram_9sd1.tdf ;         ;
+----------------------------------+-----------------+------------------------------+----------------------------------------------------------------------------------+---------+


+---------------------------------------------------------+
; Analysis & Synthesis Resource Usage Summary             ;
+---------------------------------------------+-----------+
; Resource                                    ; Usage     ;
+---------------------------------------------+-----------+
; Estimated Total logic elements              ; 1,786     ;
;                                             ;           ;
; Total combinational functions               ; 1614      ;
; Logic element usage by number of LUT inputs ;           ;
;     -- 4 input functions                    ; 1011      ;
;     -- 3 input functions                    ; 528       ;
;     -- <=2 input functions                  ; 75        ;
;                                             ;           ;
; Logic elements by mode                      ;           ;
;     -- normal mode                          ; 1462      ;
;     -- arithmetic mode                      ; 152       ;
;                                             ;           ;
; Total registers                             ; 370       ;
;     -- Dedicated logic registers            ; 370       ;
;     -- I/O registers                        ; 0         ;
;                                             ;           ;
; I/O pins                                    ; 272       ;
; Total memory bits                           ; 20480     ;
; Embedded Multiplier 9-bit elements          ; 0         ;
; Maximum fan-out node                        ; clk~input ;
; Maximum fan-out                             ; 450       ;
; Total fan-out                               ; 8449      ;
; Average fan-out                             ; 3.24      ;
+---------------------------------------------+-----------+


+-----------------------------------------------------------------------------------------------------------------------------------------------------------------------------------------------------------------------------------------------------------+
; Analysis & Synthesis Resource Utilization by Entity                                                                                                                                                                                                       ;
+-------------------------------------------+-------------------+--------------+-------------+--------------+---------+-----------+------+--------------+------------------------------------------------------------------------------------+--------------+
; Compilation Hierarchy Node                ; LC Combinationals ; LC Registers ; Memory Bits ; DSP Elements ; DSP 9x9 ; DSP 18x18 ; Pins ; Virtual Pins ; Full Hierarchy Name                                                                ; Library Name ;
+-------------------------------------------+-------------------+--------------+-------------+--------------+---------+-----------+------+--------------+------------------------------------------------------------------------------------+--------------+
; |core                                     ; 1614 (381)        ; 370 (38)     ; 20480       ; 0            ; 0       ; 0         ; 272  ; 0            ; |core                                                                              ; work         ;
;    |DX_reg:dx_reg|                        ; 78 (78)           ; 95 (95)      ; 0           ; 0            ; 0       ; 0         ; 0    ; 0            ; |core|DX_reg:dx_reg                                                                ; work         ;
;    |FD_reg:fd_reg|                        ; 5 (5)             ; 26 (26)      ; 0           ; 0            ; 0       ; 0         ; 0    ; 0            ; |core|FD_reg:fd_reg                                                                ; work         ;
;    |MW_reg:mw_reg|                        ; 0 (0)             ; 59 (59)      ; 0           ; 0            ; 0       ; 0         ; 0    ; 0            ; |core|MW_reg:mw_reg                                                                ; work         ;
;    |XM_reg:xm_reg|                        ; 0 (0)             ; 63 (63)      ; 0           ; 0            ; 0       ; 0         ; 0    ; 0            ; |core|XM_reg:xm_reg                                                                ; work         ;
;    |alu:alu_1|                            ; 1124 (1124)       ; 0 (0)        ; 0           ; 0            ; 0       ; 0         ; 0    ; 0            ; |core|alu:alu_1                                                                    ; work         ;
;    |cl_state_machine:state_machine|       ; 6 (6)             ; 0 (0)        ; 0           ; 0            ; 0       ; 0         ; 0    ; 0            ; |core|cl_state_machine:state_machine                                               ; work         ;
;    |hazard_detection:hazard|              ; 12 (12)           ; 0 (0)        ; 0           ; 0            ; 0       ; 0         ; 0    ; 0            ; |core|hazard_detection:hazard                                                      ; work         ;
;    |instr_mem:imem|                       ; 0 (0)             ; 0 (0)        ; 16384       ; 0            ; 0       ; 0         ; 0    ; 0            ; |core|instr_mem:imem                                                               ; work         ;
;       |altsyncram:mem[0].opcode[4]__1|    ; 0 (0)             ; 0 (0)        ; 16384       ; 0            ; 0       ; 0         ; 0    ; 0            ; |core|instr_mem:imem|altsyncram:mem[0].opcode[4]__1                                ; work         ;
;          |altsyncram_42e1:auto_generated| ; 0 (0)             ; 0 (0)        ; 16384       ; 0            ; 0       ; 0         ; 0    ; 0            ; |core|instr_mem:imem|altsyncram:mem[0].opcode[4]__1|altsyncram_42e1:auto_generated ; work         ;
;    |reg_file:rf|                          ; 8 (8)             ; 89 (89)      ; 4096        ; 0            ; 0       ; 0         ; 0    ; 0            ; |core|reg_file:rf                                                                  ; work         ;
;       |altsyncram:rf_rtl_0|               ; 0 (0)             ; 0 (0)        ; 2048        ; 0            ; 0       ; 0         ; 0    ; 0            ; |core|reg_file:rf|altsyncram:rf_rtl_0                                              ; work         ;
;          |altsyncram_9sd1:auto_generated| ; 0 (0)             ; 0 (0)        ; 2048        ; 0            ; 0       ; 0         ; 0    ; 0            ; |core|reg_file:rf|altsyncram:rf_rtl_0|altsyncram_9sd1:auto_generated               ; work         ;
;       |altsyncram:rf_rtl_1|               ; 0 (0)             ; 0 (0)        ; 2048        ; 0            ; 0       ; 0         ; 0    ; 0            ; |core|reg_file:rf|altsyncram:rf_rtl_1                                              ; work         ;
;          |altsyncram_9sd1:auto_generated| ; 0 (0)             ; 0 (0)        ; 2048        ; 0            ; 0       ; 0         ; 0    ; 0            ; |core|reg_file:rf|altsyncram:rf_rtl_1|altsyncram_9sd1:auto_generated               ; work         ;
+-------------------------------------------+-------------------+--------------+-------------+--------------+---------+-----------+------+--------------+------------------------------------------------------------------------------------+--------------+
Note: For table entries with two numbers listed, the numbers in parentheses indicate the number of resources of the given type used by the specific entity alone. The numbers listed outside of parentheses indicate the total resources of the given type used by the specific entity and all of its sub-entities in the hierarchy.


+----------------------------------------------------------------------------------------------------------------------------------------------------------------------------------------------+
; Analysis & Synthesis RAM Summary                                                                                                                                                             ;
+-----------------------------------------------------------------------------------------+------+------------------+--------------+--------------+--------------+--------------+-------+------+
; Name                                                                                    ; Type ; Mode             ; Port A Depth ; Port A Width ; Port B Depth ; Port B Width ; Size  ; MIF  ;
+-----------------------------------------------------------------------------------------+------+------------------+--------------+--------------+--------------+--------------+-------+------+
; instr_mem:imem|altsyncram:mem[0].opcode[4]__1|altsyncram_42e1:auto_generated|ALTSYNCRAM ; AUTO ; Simple Dual Port ; 1024         ; 16           ; 1024         ; 16           ; 16384 ; None ;
; reg_file:rf|altsyncram:rf_rtl_0|altsyncram_9sd1:auto_generated|ALTSYNCRAM               ; AUTO ; Simple Dual Port ; 64           ; 32           ; 64           ; 32           ; 2048  ; None ;
; reg_file:rf|altsyncram:rf_rtl_1|altsyncram_9sd1:auto_generated|ALTSYNCRAM               ; AUTO ; Simple Dual Port ; 64           ; 32           ; 64           ; 32           ; 2048  ; None ;
+-----------------------------------------------------------------------------------------+------+------------------+--------------+--------------+--------------+--------------+-------+------+


+-------------------------------------------------------------------------------------------+
; Registers Removed During Synthesis                                                        ;
+--------------------------------------------------+----------------------------------------+
; Register name                                    ; Reason for Removal                     ;
+--------------------------------------------------+----------------------------------------+
; DX_reg:dx_reg|dx_s_o.instruction_dx.rs_imm[0]~en ; Lost fanout                            ;
; DX_reg:dx_reg|dx_s_o.instruction_dx.rs_imm[1]~en ; Lost fanout                            ;
; DX_reg:dx_reg|dx_s_o.instruction_dx.rs_imm[2]~en ; Lost fanout                            ;
; DX_reg:dx_reg|dx_s_o.instruction_dx.rs_imm[3]~en ; Lost fanout                            ;
; DX_reg:dx_reg|dx_s_o.instruction_dx.rs_imm[4]~en ; Lost fanout                            ;
; DX_reg:dx_reg|dx_s_o.instruction_dx.rs_imm[5]~en ; Lost fanout                            ;
; DX_reg:dx_reg|dx_s_o.instruction_dx.rd[0]~en     ; Lost fanout                            ;
; DX_reg:dx_reg|dx_s_o.instruction_dx.rd[1]~en     ; Lost fanout                            ;
; DX_reg:dx_reg|dx_s_o.instruction_dx.rd[2]~en     ; Lost fanout                            ;
; DX_reg:dx_reg|dx_s_o.instruction_dx.rd[3]~en     ; Lost fanout                            ;
; DX_reg:dx_reg|dx_s_o.instruction_dx.rd[4]~en     ; Lost fanout                            ;
; FD_reg:fd_reg|fd_s_o.instruction_fd.rs_imm[0]~en ; Lost fanout                            ;
; FD_reg:fd_reg|fd_s_o.instruction_fd.rs_imm[1]~en ; Lost fanout                            ;
; FD_reg:fd_reg|fd_s_o.instruction_fd.rs_imm[2]~en ; Lost fanout                            ;
; FD_reg:fd_reg|fd_s_o.instruction_fd.rs_imm[3]~en ; Lost fanout                            ;
; FD_reg:fd_reg|fd_s_o.instruction_fd.rs_imm[4]~en ; Lost fanout                            ;
; FD_reg:fd_reg|fd_s_o.instruction_fd.rs_imm[5]~en ; Lost fanout                            ;
; FD_reg:fd_reg|fd_s_o.instruction_fd.rd[0]~en     ; Lost fanout                            ;
; FD_reg:fd_reg|fd_s_o.instruction_fd.rd[1]~en     ; Lost fanout                            ;
; FD_reg:fd_reg|fd_s_o.instruction_fd.rd[2]~en     ; Lost fanout                            ;
; FD_reg:fd_reg|fd_s_o.instruction_fd.rd[3]~en     ; Lost fanout                            ;
; FD_reg:fd_reg|fd_s_o.instruction_fd.rd[4]~en     ; Lost fanout                            ;
; reg_file:rf|rf_rtl_1_bypass[12]                  ; Stuck at GND due to stuck port data_in ;
; Total Number of Removed Registers = 23           ;                                        ;
+--------------------------------------------------+----------------------------------------+


+------------------------------------------------------+
; General Register Statistics                          ;
+----------------------------------------------+-------+
; Statistic                                    ; Value ;
+----------------------------------------------+-------+
; Total registers                              ; 370   ;
; Number of registers using Synchronous Clear  ; 6     ;
; Number of registers using Synchronous Load   ; 0     ;
; Number of registers using Asynchronous Clear ; 0     ;
; Number of registers using Asynchronous Load  ; 0     ;
; Number of registers using Clock Enable       ; 255   ;
; Number of registers using Preset             ; 0     ;
+----------------------------------------------+-------+


+--------------------------------------------------------+
; Registers Added for RAM Pass-Through Logic             ;
+---------------------------------+----------------------+
; Register Name                   ; RAM Name             ;
+---------------------------------+----------------------+
; reg_file:rf|rf_rtl_0_bypass[0]  ; reg_file:rf|rf_rtl_0 ;
; reg_file:rf|rf_rtl_0_bypass[1]  ; reg_file:rf|rf_rtl_0 ;
; reg_file:rf|rf_rtl_0_bypass[2]  ; reg_file:rf|rf_rtl_0 ;
; reg_file:rf|rf_rtl_0_bypass[3]  ; reg_file:rf|rf_rtl_0 ;
; reg_file:rf|rf_rtl_0_bypass[4]  ; reg_file:rf|rf_rtl_0 ;
; reg_file:rf|rf_rtl_0_bypass[5]  ; reg_file:rf|rf_rtl_0 ;
; reg_file:rf|rf_rtl_0_bypass[6]  ; reg_file:rf|rf_rtl_0 ;
; reg_file:rf|rf_rtl_0_bypass[7]  ; reg_file:rf|rf_rtl_0 ;
; reg_file:rf|rf_rtl_0_bypass[8]  ; reg_file:rf|rf_rtl_0 ;
; reg_file:rf|rf_rtl_0_bypass[9]  ; reg_file:rf|rf_rtl_0 ;
; reg_file:rf|rf_rtl_0_bypass[10] ; reg_file:rf|rf_rtl_0 ;
; reg_file:rf|rf_rtl_0_bypass[11] ; reg_file:rf|rf_rtl_0 ;
; reg_file:rf|rf_rtl_0_bypass[12] ; reg_file:rf|rf_rtl_0 ;
; reg_file:rf|rf_rtl_0_bypass[13] ; reg_file:rf|rf_rtl_0 ;
; reg_file:rf|rf_rtl_0_bypass[14] ; reg_file:rf|rf_rtl_0 ;
; reg_file:rf|rf_rtl_0_bypass[15] ; reg_file:rf|rf_rtl_0 ;
; reg_file:rf|rf_rtl_0_bypass[16] ; reg_file:rf|rf_rtl_0 ;
; reg_file:rf|rf_rtl_0_bypass[17] ; reg_file:rf|rf_rtl_0 ;
; reg_file:rf|rf_rtl_0_bypass[18] ; reg_file:rf|rf_rtl_0 ;
; reg_file:rf|rf_rtl_0_bypass[19] ; reg_file:rf|rf_rtl_0 ;
; reg_file:rf|rf_rtl_0_bypass[20] ; reg_file:rf|rf_rtl_0 ;
; reg_file:rf|rf_rtl_0_bypass[21] ; reg_file:rf|rf_rtl_0 ;
; reg_file:rf|rf_rtl_0_bypass[22] ; reg_file:rf|rf_rtl_0 ;
; reg_file:rf|rf_rtl_0_bypass[23] ; reg_file:rf|rf_rtl_0 ;
; reg_file:rf|rf_rtl_0_bypass[24] ; reg_file:rf|rf_rtl_0 ;
; reg_file:rf|rf_rtl_0_bypass[25] ; reg_file:rf|rf_rtl_0 ;
; reg_file:rf|rf_rtl_0_bypass[26] ; reg_file:rf|rf_rtl_0 ;
; reg_file:rf|rf_rtl_0_bypass[27] ; reg_file:rf|rf_rtl_0 ;
; reg_file:rf|rf_rtl_0_bypass[28] ; reg_file:rf|rf_rtl_0 ;
; reg_file:rf|rf_rtl_0_bypass[29] ; reg_file:rf|rf_rtl_0 ;
; reg_file:rf|rf_rtl_0_bypass[30] ; reg_file:rf|rf_rtl_0 ;
; reg_file:rf|rf_rtl_0_bypass[31] ; reg_file:rf|rf_rtl_0 ;
; reg_file:rf|rf_rtl_0_bypass[32] ; reg_file:rf|rf_rtl_0 ;
; reg_file:rf|rf_rtl_0_bypass[33] ; reg_file:rf|rf_rtl_0 ;
; reg_file:rf|rf_rtl_0_bypass[34] ; reg_file:rf|rf_rtl_0 ;
; reg_file:rf|rf_rtl_0_bypass[35] ; reg_file:rf|rf_rtl_0 ;
; reg_file:rf|rf_rtl_0_bypass[36] ; reg_file:rf|rf_rtl_0 ;
; reg_file:rf|rf_rtl_0_bypass[37] ; reg_file:rf|rf_rtl_0 ;
; reg_file:rf|rf_rtl_0_bypass[38] ; reg_file:rf|rf_rtl_0 ;
; reg_file:rf|rf_rtl_0_bypass[39] ; reg_file:rf|rf_rtl_0 ;
; reg_file:rf|rf_rtl_0_bypass[40] ; reg_file:rf|rf_rtl_0 ;
; reg_file:rf|rf_rtl_0_bypass[41] ; reg_file:rf|rf_rtl_0 ;
; reg_file:rf|rf_rtl_0_bypass[42] ; reg_file:rf|rf_rtl_0 ;
; reg_file:rf|rf_rtl_0_bypass[43] ; reg_file:rf|rf_rtl_0 ;
; reg_file:rf|rf_rtl_0_bypass[44] ; reg_file:rf|rf_rtl_0 ;
; reg_file:rf|rf_rtl_1_bypass[0]  ; reg_file:rf|rf_rtl_1 ;
; reg_file:rf|rf_rtl_1_bypass[1]  ; reg_file:rf|rf_rtl_1 ;
; reg_file:rf|rf_rtl_1_bypass[2]  ; reg_file:rf|rf_rtl_1 ;
; reg_file:rf|rf_rtl_1_bypass[3]  ; reg_file:rf|rf_rtl_1 ;
; reg_file:rf|rf_rtl_1_bypass[4]  ; reg_file:rf|rf_rtl_1 ;
; reg_file:rf|rf_rtl_1_bypass[5]  ; reg_file:rf|rf_rtl_1 ;
; reg_file:rf|rf_rtl_1_bypass[6]  ; reg_file:rf|rf_rtl_1 ;
; reg_file:rf|rf_rtl_1_bypass[7]  ; reg_file:rf|rf_rtl_1 ;
; reg_file:rf|rf_rtl_1_bypass[8]  ; reg_file:rf|rf_rtl_1 ;
; reg_file:rf|rf_rtl_1_bypass[9]  ; reg_file:rf|rf_rtl_1 ;
; reg_file:rf|rf_rtl_1_bypass[10] ; reg_file:rf|rf_rtl_1 ;
; reg_file:rf|rf_rtl_1_bypass[11] ; reg_file:rf|rf_rtl_1 ;
; reg_file:rf|rf_rtl_1_bypass[12] ; reg_file:rf|rf_rtl_1 ;
; reg_file:rf|rf_rtl_1_bypass[13] ; reg_file:rf|rf_rtl_1 ;
; reg_file:rf|rf_rtl_1_bypass[14] ; reg_file:rf|rf_rtl_1 ;
; reg_file:rf|rf_rtl_1_bypass[15] ; reg_file:rf|rf_rtl_1 ;
; reg_file:rf|rf_rtl_1_bypass[16] ; reg_file:rf|rf_rtl_1 ;
; reg_file:rf|rf_rtl_1_bypass[17] ; reg_file:rf|rf_rtl_1 ;
; reg_file:rf|rf_rtl_1_bypass[18] ; reg_file:rf|rf_rtl_1 ;
; reg_file:rf|rf_rtl_1_bypass[19] ; reg_file:rf|rf_rtl_1 ;
; reg_file:rf|rf_rtl_1_bypass[20] ; reg_file:rf|rf_rtl_1 ;
; reg_file:rf|rf_rtl_1_bypass[21] ; reg_file:rf|rf_rtl_1 ;
; reg_file:rf|rf_rtl_1_bypass[22] ; reg_file:rf|rf_rtl_1 ;
; reg_file:rf|rf_rtl_1_bypass[23] ; reg_file:rf|rf_rtl_1 ;
; reg_file:rf|rf_rtl_1_bypass[24] ; reg_file:rf|rf_rtl_1 ;
; reg_file:rf|rf_rtl_1_bypass[25] ; reg_file:rf|rf_rtl_1 ;
; reg_file:rf|rf_rtl_1_bypass[26] ; reg_file:rf|rf_rtl_1 ;
; reg_file:rf|rf_rtl_1_bypass[27] ; reg_file:rf|rf_rtl_1 ;
; reg_file:rf|rf_rtl_1_bypass[28] ; reg_file:rf|rf_rtl_1 ;
; reg_file:rf|rf_rtl_1_bypass[29] ; reg_file:rf|rf_rtl_1 ;
; reg_file:rf|rf_rtl_1_bypass[30] ; reg_file:rf|rf_rtl_1 ;
; reg_file:rf|rf_rtl_1_bypass[31] ; reg_file:rf|rf_rtl_1 ;
; reg_file:rf|rf_rtl_1_bypass[32] ; reg_file:rf|rf_rtl_1 ;
; reg_file:rf|rf_rtl_1_bypass[33] ; reg_file:rf|rf_rtl_1 ;
; reg_file:rf|rf_rtl_1_bypass[34] ; reg_file:rf|rf_rtl_1 ;
; reg_file:rf|rf_rtl_1_bypass[35] ; reg_file:rf|rf_rtl_1 ;
; reg_file:rf|rf_rtl_1_bypass[36] ; reg_file:rf|rf_rtl_1 ;
; reg_file:rf|rf_rtl_1_bypass[37] ; reg_file:rf|rf_rtl_1 ;
; reg_file:rf|rf_rtl_1_bypass[38] ; reg_file:rf|rf_rtl_1 ;
; reg_file:rf|rf_rtl_1_bypass[39] ; reg_file:rf|rf_rtl_1 ;
; reg_file:rf|rf_rtl_1_bypass[40] ; reg_file:rf|rf_rtl_1 ;
; reg_file:rf|rf_rtl_1_bypass[41] ; reg_file:rf|rf_rtl_1 ;
; reg_file:rf|rf_rtl_1_bypass[42] ; reg_file:rf|rf_rtl_1 ;
; reg_file:rf|rf_rtl_1_bypass[43] ; reg_file:rf|rf_rtl_1 ;
; reg_file:rf|rf_rtl_1_bypass[44] ; reg_file:rf|rf_rtl_1 ;
+---------------------------------+----------------------+


+-------------------------------------------------------------------------------------------------------------------------------------------------------------------+
; Multiplexer Restructuring Statistics (Restructuring Performed)                                                                                                    ;
+--------------------+-----------+---------------+----------------------+------------------------+------------+-----------------------------------------------------+
; Multiplexer Inputs ; Bus Width ; Baseline Area ; Area if Restructured ; Saving if Restructured ; Registered ; Example Multiplexer Output                          ;
+--------------------+-----------+---------------+----------------------+------------------------+------------+-----------------------------------------------------+
; 3:1                ; 15 bits   ; 30 LEs        ; 15 LEs               ; 15 LEs                 ; Yes        ; |core|FD_reg:fd_reg|fd_s_o.instruction_fd.opcode[3] ;
; 3:1                ; 3 bits    ; 6 LEs         ; 3 LEs                ; 3 LEs                  ; Yes        ; |core|barrier_mask_r[0]                             ;
; 4:1                ; 32 bits   ; 64 LEs        ; 64 LEs               ; 0 LEs                  ; Yes        ; |core|DX_reg:dx_reg|dx_s_o.rs_val_dx[0]             ;
; 4:1                ; 32 bits   ; 64 LEs        ; 64 LEs               ; 0 LEs                  ; Yes        ; |core|DX_reg:dx_reg|dx_s_o.rd_val_dx[29]            ;
; 4:1                ; 3 bits    ; 6 LEs         ; 6 LEs                ; 0 LEs                  ; Yes        ; |core|barrier_r[0]                                  ;
; 250:1              ; 21 bits   ; 3486 LEs      ; 210 LEs              ; 3276 LEs               ; Yes        ; |core|XM_reg:xm_reg|xm_s_o.alu_result_xm[10]        ;
; 3:1                ; 4 bits    ; 8 LEs         ; 8 LEs                ; 0 LEs                  ; No         ; |core|alu:alu_1|ShiftRight0                         ;
; 3:1                ; 8 bits    ; 16 LEs        ; 16 LEs               ; 0 LEs                  ; No         ; |core|alu:alu_1|ShiftLeft0                          ;
; 3:1                ; 32 bits   ; 64 LEs        ; 32 LEs               ; 32 LEs                 ; No         ; |core|alu:alu_1|ShiftRight2                         ;
; 3:1                ; 21 bits   ; 42 LEs        ; 42 LEs               ; 0 LEs                  ; No         ; |core|rf_wd[24]                                     ;
; 3:1                ; 11 bits   ; 22 LEs        ; 22 LEs               ; 0 LEs                  ; No         ; |core|rf_wd[7]                                      ;
; 4:1                ; 2 bits    ; 4 LEs         ; 4 LEs                ; 0 LEs                  ; No         ; |core|mem_stage_n[1]                                ;
; 4:1                ; 2 bits    ; 4 LEs         ; 4 LEs                ; 0 LEs                  ; No         ; |core|alu:alu_1|ShiftRight0                         ;
; 4:1                ; 4 bits    ; 8 LEs         ; 8 LEs                ; 0 LEs                  ; No         ; |core|alu:alu_1|ShiftLeft0                          ;
; 4:1                ; 16 bits   ; 32 LEs        ; 32 LEs               ; 0 LEs                  ; No         ; |core|alu:alu_1|ShiftRight2                         ;
; 4:1                ; 32 bits   ; 64 LEs        ; 64 LEs               ; 0 LEs                  ; No         ; |core|Selector21                                    ;
; 5:1                ; 2 bits    ; 6 LEs         ; 6 LEs                ; 0 LEs                  ; No         ; |core|alu:alu_1|ShiftLeft0                          ;
; 4:1                ; 32 bits   ; 64 LEs        ; 64 LEs               ; 0 LEs                  ; No         ; |core|Selector48                                    ;
; 5:1                ; 8 bits    ; 24 LEs        ; 24 LEs               ; 0 LEs                  ; No         ; |core|alu:alu_1|ShiftLeft1                          ;
; 6:1                ; 3 bits    ; 12 LEs        ; 12 LEs               ; 0 LEs                  ; No         ; |core|alu:alu_1|ShiftLeft0                          ;
; 5:1                ; 10 bits   ; 30 LEs        ; 20 LEs               ; 10 LEs                 ; No         ; |core|PC_n[9]                                       ;
; 6:1                ; 4 bits    ; 16 LEs        ; 16 LEs               ; 0 LEs                  ; No         ; |core|alu:alu_1|ShiftRight2                         ;
; 7:1                ; 4 bits    ; 16 LEs        ; 16 LEs               ; 0 LEs                  ; No         ; |core|alu:alu_1|ShiftLeft1                          ;
; 250:1              ; 9 bits    ; 1494 LEs      ; 90 LEs               ; 1404 LEs               ; No         ; |core|alu:alu_1|Selector27                          ;
+--------------------+-----------+---------------+----------------------+------------------------+------------+-----------------------------------------------------+


+-----------------------------------------------------------------------------------------------------+
; Source assignments for instr_mem:imem|altsyncram:mem[0].opcode[4]__1|altsyncram_42e1:auto_generated ;
+---------------------------------+--------------------+------+---------------------------------------+
; Assignment                      ; Value              ; From ; To                                    ;
+---------------------------------+--------------------+------+---------------------------------------+
; OPTIMIZE_POWER_DURING_SYNTHESIS ; NORMAL_COMPILATION ; -    ; -                                     ;
+---------------------------------+--------------------+------+---------------------------------------+


+---------------------------------------------------------------------------------------+
; Source assignments for reg_file:rf|altsyncram:rf_rtl_0|altsyncram_9sd1:auto_generated ;
+---------------------------------+--------------------+------+-------------------------+
; Assignment                      ; Value              ; From ; To                      ;
+---------------------------------+--------------------+------+-------------------------+
; OPTIMIZE_POWER_DURING_SYNTHESIS ; NORMAL_COMPILATION ; -    ; -                       ;
+---------------------------------+--------------------+------+-------------------------+


+---------------------------------------------------------------------------------------+
; Source assignments for reg_file:rf|altsyncram:rf_rtl_1|altsyncram_9sd1:auto_generated ;
+---------------------------------+--------------------+------+-------------------------+
; Assignment                      ; Value              ; From ; To                      ;
+---------------------------------+--------------------+------+-------------------------+
; OPTIMIZE_POWER_DURING_SYNTHESIS ; NORMAL_COMPILATION ; -    ; -                       ;
+---------------------------------+--------------------+------+-------------------------+


+----------------------------------------------------------------------+
; Parameter Settings for User Entity Instance: Top-level Entity: |core ;
+-------------------+------------+-------------------------------------+
; Parameter Name    ; Value      ; Type                                ;
+-------------------+------------+-------------------------------------+
; imem_addr_width_p ; 10         ; Signed Integer                      ;
; net_ID_p          ; 0000000001 ; Unsigned Binary                     ;
+-------------------+------------+-------------------------------------+
Note: In order to hide this table in the UI and the text report file, please set the "Show Parameter Settings in Synthesis Report" option in "Analysis and Synthesis Settings -> More Settings" to "Off".


+-------------------------------------------------------------+
; Parameter Settings for User Entity Instance: instr_mem:imem ;
+----------------+-------+------------------------------------+
; Parameter Name ; Value ; Type                               ;
+----------------+-------+------------------------------------+
; addr_width_p   ; 10    ; Signed Integer                     ;
+----------------+-------+------------------------------------+
Note: In order to hide this table in the UI and the text report file, please set the "Show Parameter Settings in Synthesis Report" option in "Analysis and Synthesis Settings -> More Settings" to "Off".


+--------------------------------------------------------------------------------------------+
; Parameter Settings for User Entity Instance: instr_mem:imem|altsyncram:mem[0].opcode[4]__1 ;
+------------------------------------+----------------------+--------------------------------+
; Parameter Name                     ; Value                ; Type                           ;
+------------------------------------+----------------------+--------------------------------+
; BYTE_SIZE_BLOCK                    ; 8                    ; Untyped                        ;
; AUTO_CARRY_CHAINS                  ; ON                   ; AUTO_CARRY                     ;
; IGNORE_CARRY_BUFFERS               ; OFF                  ; IGNORE_CARRY                   ;
; AUTO_CASCADE_CHAINS                ; ON                   ; AUTO_CASCADE                   ;
; IGNORE_CASCADE_BUFFERS             ; OFF                  ; IGNORE_CASCADE                 ;
; WIDTH_BYTEENA                      ; 1                    ; Untyped                        ;
; OPERATION_MODE                     ; DUAL_PORT            ; Untyped                        ;
; WIDTH_A                            ; 16                   ; Untyped                        ;
; WIDTHAD_A                          ; 10                   ; Untyped                        ;
; NUMWORDS_A                         ; 1024                 ; Untyped                        ;
; OUTDATA_REG_A                      ; UNREGISTERED         ; Untyped                        ;
; ADDRESS_ACLR_A                     ; NONE                 ; Untyped                        ;
; OUTDATA_ACLR_A                     ; NONE                 ; Untyped                        ;
; WRCONTROL_ACLR_A                   ; NONE                 ; Untyped                        ;
; INDATA_ACLR_A                      ; NONE                 ; Untyped                        ;
; BYTEENA_ACLR_A                     ; NONE                 ; Untyped                        ;
; WIDTH_B                            ; 16                   ; Untyped                        ;
; WIDTHAD_B                          ; 10                   ; Untyped                        ;
; NUMWORDS_B                         ; 1024                 ; Untyped                        ;
; INDATA_REG_B                       ; CLOCK1               ; Untyped                        ;
; WRCONTROL_WRADDRESS_REG_B          ; CLOCK1               ; Untyped                        ;
; RDCONTROL_REG_B                    ; CLOCK1               ; Untyped                        ;
; ADDRESS_REG_B                      ; CLOCK1               ; Untyped                        ;
; OUTDATA_REG_B                      ; UNREGISTERED         ; Untyped                        ;
; BYTEENA_REG_B                      ; CLOCK1               ; Untyped                        ;
; INDATA_ACLR_B                      ; NONE                 ; Untyped                        ;
; WRCONTROL_ACLR_B                   ; NONE                 ; Untyped                        ;
; ADDRESS_ACLR_B                     ; NONE                 ; Untyped                        ;
; OUTDATA_ACLR_B                     ; NONE                 ; Untyped                        ;
; RDCONTROL_ACLR_B                   ; NONE                 ; Untyped                        ;
; BYTEENA_ACLR_B                     ; NONE                 ; Untyped                        ;
; WIDTH_BYTEENA_A                    ; 1                    ; Untyped                        ;
; WIDTH_BYTEENA_B                    ; 1                    ; Untyped                        ;
; RAM_BLOCK_TYPE                     ; AUTO                 ; Untyped                        ;
; BYTE_SIZE                          ; 8                    ; Untyped                        ;
; READ_DURING_WRITE_MODE_MIXED_PORTS ; DONT_CARE            ; Untyped                        ;
; READ_DURING_WRITE_MODE_PORT_A      ; NEW_DATA_NO_NBE_READ ; Untyped                        ;
; READ_DURING_WRITE_MODE_PORT_B      ; NEW_DATA_NO_NBE_READ ; Untyped                        ;
; INIT_FILE                          ; UNUSED               ; Untyped                        ;
; INIT_FILE_LAYOUT                   ; PORT_A               ; Untyped                        ;
; MAXIMUM_DEPTH                      ; 0                    ; Untyped                        ;
; CLOCK_ENABLE_INPUT_A               ; NORMAL               ; Untyped                        ;
; CLOCK_ENABLE_INPUT_B               ; NORMAL               ; Untyped                        ;
; CLOCK_ENABLE_OUTPUT_A              ; NORMAL               ; Untyped                        ;
; CLOCK_ENABLE_OUTPUT_B              ; NORMAL               ; Untyped                        ;
; CLOCK_ENABLE_CORE_A                ; USE_INPUT_CLKEN      ; Untyped                        ;
; CLOCK_ENABLE_CORE_B                ; USE_INPUT_CLKEN      ; Untyped                        ;
; ENABLE_ECC                         ; FALSE                ; Untyped                        ;
; ECC_PIPELINE_STAGE_ENABLED         ; FALSE                ; Untyped                        ;
; WIDTH_ECCSTATUS                    ; 3                    ; Untyped                        ;
; DEVICE_FAMILY                      ; Cyclone IV E         ; Untyped                        ;
; CBXI_PARAMETER                     ; altsyncram_42e1      ; Untyped                        ;
+------------------------------------+----------------------+--------------------------------+
Note: In order to hide this table in the UI and the text report file, please set the "Show Parameter Settings in Synthesis Report" option in "Analysis and Synthesis Settings -> More Settings" to "Off".


+----------------------------------------------------------+
; Parameter Settings for User Entity Instance: reg_file:rf ;
+----------------+-------+---------------------------------+
; Parameter Name ; Value ; Type                            ;
+----------------+-------+---------------------------------+
; NUM_REG        ; 6     ; Signed Integer                  ;
; BITS           ; 32    ; Signed Integer                  ;
+----------------+-------+---------------------------------+
Note: In order to hide this table in the UI and the text report file, please set the "Show Parameter Settings in Synthesis Report" option in "Analysis and Synthesis Settings -> More Settings" to "Off".


+----------------------------------------------------------------------------------+
; Parameter Settings for Inferred Entity Instance: reg_file:rf|altsyncram:rf_rtl_0 ;
+------------------------------------+----------------------+----------------------+
; Parameter Name                     ; Value                ; Type                 ;
+------------------------------------+----------------------+----------------------+
; BYTE_SIZE_BLOCK                    ; 8                    ; Untyped              ;
; AUTO_CARRY_CHAINS                  ; ON                   ; AUTO_CARRY           ;
; IGNORE_CARRY_BUFFERS               ; OFF                  ; IGNORE_CARRY         ;
; AUTO_CASCADE_CHAINS                ; ON                   ; AUTO_CASCADE         ;
; IGNORE_CASCADE_BUFFERS             ; OFF                  ; IGNORE_CASCADE       ;
; WIDTH_BYTEENA                      ; 1                    ; Untyped              ;
; OPERATION_MODE                     ; DUAL_PORT            ; Untyped              ;
; WIDTH_A                            ; 32                   ; Untyped              ;
; WIDTHAD_A                          ; 6                    ; Untyped              ;
; NUMWORDS_A                         ; 64                   ; Untyped              ;
; OUTDATA_REG_A                      ; UNREGISTERED         ; Untyped              ;
; ADDRESS_ACLR_A                     ; NONE                 ; Untyped              ;
; OUTDATA_ACLR_A                     ; NONE                 ; Untyped              ;
; WRCONTROL_ACLR_A                   ; NONE                 ; Untyped              ;
; INDATA_ACLR_A                      ; NONE                 ; Untyped              ;
; BYTEENA_ACLR_A                     ; NONE                 ; Untyped              ;
; WIDTH_B                            ; 32                   ; Untyped              ;
; WIDTHAD_B                          ; 6                    ; Untyped              ;
; NUMWORDS_B                         ; 64                   ; Untyped              ;
; INDATA_REG_B                       ; CLOCK1               ; Untyped              ;
; WRCONTROL_WRADDRESS_REG_B          ; CLOCK1               ; Untyped              ;
; RDCONTROL_REG_B                    ; CLOCK1               ; Untyped              ;
; ADDRESS_REG_B                      ; CLOCK0               ; Untyped              ;
; OUTDATA_REG_B                      ; UNREGISTERED         ; Untyped              ;
; BYTEENA_REG_B                      ; CLOCK1               ; Untyped              ;
; INDATA_ACLR_B                      ; NONE                 ; Untyped              ;
; WRCONTROL_ACLR_B                   ; NONE                 ; Untyped              ;
; ADDRESS_ACLR_B                     ; NONE                 ; Untyped              ;
; OUTDATA_ACLR_B                     ; NONE                 ; Untyped              ;
; RDCONTROL_ACLR_B                   ; NONE                 ; Untyped              ;
; BYTEENA_ACLR_B                     ; NONE                 ; Untyped              ;
; WIDTH_BYTEENA_A                    ; 1                    ; Untyped              ;
; WIDTH_BYTEENA_B                    ; 1                    ; Untyped              ;
; RAM_BLOCK_TYPE                     ; AUTO                 ; Untyped              ;
; BYTE_SIZE                          ; 8                    ; Untyped              ;
; READ_DURING_WRITE_MODE_MIXED_PORTS ; DONT_CARE            ; Untyped              ;
; READ_DURING_WRITE_MODE_PORT_A      ; NEW_DATA_NO_NBE_READ ; Untyped              ;
; READ_DURING_WRITE_MODE_PORT_B      ; NEW_DATA_NO_NBE_READ ; Untyped              ;
; INIT_FILE                          ; UNUSED               ; Untyped              ;
; INIT_FILE_LAYOUT                   ; PORT_A               ; Untyped              ;
; MAXIMUM_DEPTH                      ; 0                    ; Untyped              ;
; CLOCK_ENABLE_INPUT_A               ; NORMAL               ; Untyped              ;
; CLOCK_ENABLE_INPUT_B               ; NORMAL               ; Untyped              ;
; CLOCK_ENABLE_OUTPUT_A              ; NORMAL               ; Untyped              ;
; CLOCK_ENABLE_OUTPUT_B              ; NORMAL               ; Untyped              ;
; CLOCK_ENABLE_CORE_A                ; USE_INPUT_CLKEN      ; Untyped              ;
; CLOCK_ENABLE_CORE_B                ; USE_INPUT_CLKEN      ; Untyped              ;
; ENABLE_ECC                         ; FALSE                ; Untyped              ;
; ECC_PIPELINE_STAGE_ENABLED         ; FALSE                ; Untyped              ;
; WIDTH_ECCSTATUS                    ; 3                    ; Untyped              ;
; DEVICE_FAMILY                      ; Cyclone IV E         ; Untyped              ;
; CBXI_PARAMETER                     ; altsyncram_9sd1      ; Untyped              ;
+------------------------------------+----------------------+----------------------+
Note: In order to hide this table in the UI and the text report file, please set the "Show Parameter Settings in Synthesis Report" option in "Analysis and Synthesis Settings -> More Settings" to "Off".


+----------------------------------------------------------------------------------+
; Parameter Settings for Inferred Entity Instance: reg_file:rf|altsyncram:rf_rtl_1 ;
+------------------------------------+----------------------+----------------------+
; Parameter Name                     ; Value                ; Type                 ;
+------------------------------------+----------------------+----------------------+
; BYTE_SIZE_BLOCK                    ; 8                    ; Untyped              ;
; AUTO_CARRY_CHAINS                  ; ON                   ; AUTO_CARRY           ;
; IGNORE_CARRY_BUFFERS               ; OFF                  ; IGNORE_CARRY         ;
; AUTO_CASCADE_CHAINS                ; ON                   ; AUTO_CASCADE         ;
; IGNORE_CASCADE_BUFFERS             ; OFF                  ; IGNORE_CASCADE       ;
; WIDTH_BYTEENA                      ; 1                    ; Untyped              ;
; OPERATION_MODE                     ; DUAL_PORT            ; Untyped              ;
; WIDTH_A                            ; 32                   ; Untyped              ;
; WIDTHAD_A                          ; 6                    ; Untyped              ;
; NUMWORDS_A                         ; 64                   ; Untyped              ;
; OUTDATA_REG_A                      ; UNREGISTERED         ; Untyped              ;
; ADDRESS_ACLR_A                     ; NONE                 ; Untyped              ;
; OUTDATA_ACLR_A                     ; NONE                 ; Untyped              ;
; WRCONTROL_ACLR_A                   ; NONE                 ; Untyped              ;
; INDATA_ACLR_A                      ; NONE                 ; Untyped              ;
; BYTEENA_ACLR_A                     ; NONE                 ; Untyped              ;
; WIDTH_B                            ; 32                   ; Untyped              ;
; WIDTHAD_B                          ; 6                    ; Untyped              ;
; NUMWORDS_B                         ; 64                   ; Untyped              ;
; INDATA_REG_B                       ; CLOCK1               ; Untyped              ;
; WRCONTROL_WRADDRESS_REG_B          ; CLOCK1               ; Untyped              ;
; RDCONTROL_REG_B                    ; CLOCK1               ; Untyped              ;
; ADDRESS_REG_B                      ; CLOCK0               ; Untyped              ;
; OUTDATA_REG_B                      ; UNREGISTERED         ; Untyped              ;
; BYTEENA_REG_B                      ; CLOCK1               ; Untyped              ;
; INDATA_ACLR_B                      ; NONE                 ; Untyped              ;
; WRCONTROL_ACLR_B                   ; NONE                 ; Untyped              ;
; ADDRESS_ACLR_B                     ; NONE                 ; Untyped              ;
; OUTDATA_ACLR_B                     ; NONE                 ; Untyped              ;
; RDCONTROL_ACLR_B                   ; NONE                 ; Untyped              ;
; BYTEENA_ACLR_B                     ; NONE                 ; Untyped              ;
; WIDTH_BYTEENA_A                    ; 1                    ; Untyped              ;
; WIDTH_BYTEENA_B                    ; 1                    ; Untyped              ;
; RAM_BLOCK_TYPE                     ; AUTO                 ; Untyped              ;
; BYTE_SIZE                          ; 8                    ; Untyped              ;
; READ_DURING_WRITE_MODE_MIXED_PORTS ; DONT_CARE            ; Untyped              ;
; READ_DURING_WRITE_MODE_PORT_A      ; NEW_DATA_NO_NBE_READ ; Untyped              ;
; READ_DURING_WRITE_MODE_PORT_B      ; NEW_DATA_NO_NBE_READ ; Untyped              ;
; INIT_FILE                          ; UNUSED               ; Untyped              ;
; INIT_FILE_LAYOUT                   ; PORT_A               ; Untyped              ;
; MAXIMUM_DEPTH                      ; 0                    ; Untyped              ;
; CLOCK_ENABLE_INPUT_A               ; NORMAL               ; Untyped              ;
; CLOCK_ENABLE_INPUT_B               ; NORMAL               ; Untyped              ;
; CLOCK_ENABLE_OUTPUT_A              ; NORMAL               ; Untyped              ;
; CLOCK_ENABLE_OUTPUT_B              ; NORMAL               ; Untyped              ;
; CLOCK_ENABLE_CORE_A                ; USE_INPUT_CLKEN      ; Untyped              ;
; CLOCK_ENABLE_CORE_B                ; USE_INPUT_CLKEN      ; Untyped              ;
; ENABLE_ECC                         ; FALSE                ; Untyped              ;
; ECC_PIPELINE_STAGE_ENABLED         ; FALSE                ; Untyped              ;
; WIDTH_ECCSTATUS                    ; 3                    ; Untyped              ;
; DEVICE_FAMILY                      ; Cyclone IV E         ; Untyped              ;
; CBXI_PARAMETER                     ; altsyncram_9sd1      ; Untyped              ;
+------------------------------------+----------------------+----------------------+
Note: In order to hide this table in the UI and the text report file, please set the "Show Parameter Settings in Synthesis Report" option in "Analysis and Synthesis Settings -> More Settings" to "Off".


+-------------------------------------------------------------------------------------------+
; altsyncram Parameter Settings by Entity Instance                                          ;
+-------------------------------------------+-----------------------------------------------+
; Name                                      ; Value                                         ;
+-------------------------------------------+-----------------------------------------------+
; Number of entity instances                ; 3                                             ;
; Entity Instance                           ; instr_mem:imem|altsyncram:mem[0].opcode[4]__1 ;
;     -- OPERATION_MODE                     ; DUAL_PORT                                     ;
;     -- WIDTH_A                            ; 16                                            ;
;     -- NUMWORDS_A                         ; 1024                                          ;
;     -- OUTDATA_REG_A                      ; UNREGISTERED                                  ;
;     -- WIDTH_B                            ; 16                                            ;
;     -- NUMWORDS_B                         ; 1024                                          ;
;     -- ADDRESS_REG_B                      ; CLOCK1                                        ;
;     -- OUTDATA_REG_B                      ; UNREGISTERED                                  ;
;     -- RAM_BLOCK_TYPE                     ; AUTO                                          ;
;     -- READ_DURING_WRITE_MODE_MIXED_PORTS ; DONT_CARE                                     ;
; Entity Instance                           ; reg_file:rf|altsyncram:rf_rtl_0               ;
;     -- OPERATION_MODE                     ; DUAL_PORT                                     ;
;     -- WIDTH_A                            ; 32                                            ;
;     -- NUMWORDS_A                         ; 64                                            ;
;     -- OUTDATA_REG_A                      ; UNREGISTERED                                  ;
;     -- WIDTH_B                            ; 32                                            ;
;     -- NUMWORDS_B                         ; 64                                            ;
;     -- ADDRESS_REG_B                      ; CLOCK0                                        ;
;     -- OUTDATA_REG_B                      ; UNREGISTERED                                  ;
;     -- RAM_BLOCK_TYPE                     ; AUTO                                          ;
;     -- READ_DURING_WRITE_MODE_MIXED_PORTS ; DONT_CARE                                     ;
; Entity Instance                           ; reg_file:rf|altsyncram:rf_rtl_1               ;
;     -- OPERATION_MODE                     ; DUAL_PORT                                     ;
;     -- WIDTH_A                            ; 32                                            ;
;     -- NUMWORDS_A                         ; 64                                            ;
;     -- OUTDATA_REG_A                      ; UNREGISTERED                                  ;
;     -- WIDTH_B                            ; 32                                            ;
;     -- NUMWORDS_B                         ; 64                                            ;
;     -- ADDRESS_REG_B                      ; CLOCK0                                        ;
;     -- OUTDATA_REG_B                      ; UNREGISTERED                                  ;
;     -- RAM_BLOCK_TYPE                     ; AUTO                                          ;
;     -- READ_DURING_WRITE_MODE_MIXED_PORTS ; DONT_CARE                                     ;
+-------------------------------------------+-----------------------------------------------+


+--------------------------------------------------------------------------------------------------------------------------------------------------------------------------+
; Port Connectivity Checks: "reg_file:rf"                                                                                                                                  ;
+-------+-------+----------+-----------------------------------------------------------------------------------------------------------------------------------------------+
; Port  ; Type  ; Severity ; Details                                                                                                                                       ;
+-------+-------+----------+-----------------------------------------------------------------------------------------------------------------------------------------------+
; ra1_i ; Input ; Warning  ; Input port expression (5 bits) is smaller than the input port (6 bits) it drives.  Extra input bit(s) "ra1_i[5..5]" will be connected to GND. ;
+-------+-------+----------+-----------------------------------------------------------------------------------------------------------------------------------------------+


+-----------------------------------------------------+
; Post-Synthesis Netlist Statistics for Top Partition ;
+-----------------------+-----------------------------+
; Type                  ; Count                       ;
+-----------------------+-----------------------------+
; boundary_port         ; 272                         ;
; cycloneiii_ff         ; 370                         ;
;     ENA               ; 252                         ;
;     ENA SCLR          ; 3                           ;
;     SCLR              ; 3                           ;
;     plain             ; 112                         ;
; cycloneiii_lcell_comb ; 1615                        ;
;     arith             ; 152                         ;
;         2 data inputs ; 19                          ;
;         3 data inputs ; 133                         ;
;     normal            ; 1463                        ;
;         0 data inputs ; 2                           ;
;         1 data inputs ; 2                           ;
;         2 data inputs ; 53                          ;
;         3 data inputs ; 395                         ;
;         4 data inputs ; 1011                        ;
; cycloneiii_ram_block  ; 80                          ;
;                       ;                             ;
; Max LUT depth         ; 20.00                       ;
; Average LUT depth     ; 13.31                       ;
+-----------------------+-----------------------------+


+-------------------------------+
; Elapsed Time Per Partition    ;
+----------------+--------------+
; Partition Name ; Elapsed Time ;
+----------------+--------------+
; Top            ; 00:00:05     ;
+----------------+--------------+


+-------------------------------+
; Analysis & Synthesis Messages ;
+-------------------------------+
Info: *******************************************************************
Info: Running Quartus II 64-Bit Analysis & Synthesis
    Info: Version 14.0.0 Build 200 06/17/2014 SJ Web Edition
    Info: Processing started: Wed Mar 04 23:21:03 2015
Info: Command: quartus_map --read_settings_files=on --write_settings_files=off core -c core
Warning (20028): Parallel compilation is not licensed and has been disabled
Info (12021): Found 1 design units, including 1 entities, in source file xm_reg.sv
    Info (12023): Found entity 1: XM_reg
Info (12021): Found 1 design units, including 1 entities, in source file reg_file.sv
    Info (12023): Found entity 1: reg_file
Info (12021): Found 1 design units, including 1 entities, in source file net_packet_logger_s.sv
    Info (12023): Found entity 1: network_packet_s_logger
Info (12021): Found 1 design units, including 1 entities, in source file mw_reg.sv
    Info (12023): Found entity 1: MW_reg
Info (12021): Found 1 design units, including 1 entities, in source file miner_tb.sv
    Info (12023): Found entity 1: miner_tb
Info (12021): Found 1 design units, including 1 entities, in source file instr_mem.sv
    Info (12023): Found entity 1: instr_mem
Info (12021): Found 1 design units, including 1 entities, in source file hazard_detection.sv
    Info (12023): Found entity 1: hazard_detection
Info (12021): Found 1 design units, including 1 entities, in source file fd_reg.sv
    Info (12023): Found entity 1: FD_reg
Info (12021): Found 1 design units, including 1 entities, in source file dx_reg.sv
    Info (12023): Found entity 1: DX_reg
Info (12021): Found 0 design units, including 0 entities, in source file definitions.sv
Info (12021): Found 1 design units, including 1 entities, in source file data_mem.sv
    Info (12023): Found entity 1: data_mem
Info (12021): Found 1 design units, including 1 entities, in source file core_flattened.sv
    Info (12023): Found entity 1: core_flattened
Info (12021): Found 1 design units, including 1 entities, in source file core.sv
    Info (12023): Found entity 1: core
Info (12021): Found 1 design units, including 1 entities, in source file cl_state_machine.sv
    Info (12023): Found entity 1: cl_state_machine
Info (12021): Found 1 design units, including 1 entities, in source file cl_decode.sv
    Info (12023): Found entity 1: cl_decode
Info (12021): Found 1 design units, including 1 entities, in source file alu.sv
    Info (12023): Found entity 1: alu
Info (12127): Elaborating entity "core" for the top level hierarchy
Info (10264): Verilog HDL Case Statement information at core.sv(199): all case item expressions in this case statement are onehot
Info (10264): Verilog HDL Case Statement information at core.sv(210): all case item expressions in this case statement are onehot
Warning (10230): Verilog HDL assignment warning at core.sv(250): truncated value with size 14 to match size of target (10)
Warning (10230): Verilog HDL assignment warning at core.sv(378): truncated value with size 14 to match size of target (10)
Info (12128): Elaborating entity "FD_reg" for hierarchy "FD_reg:fd_reg"
Info (12128): Elaborating entity "DX_reg" for hierarchy "DX_reg:dx_reg"
Info (12128): Elaborating entity "XM_reg" for hierarchy "XM_reg:xm_reg"
Info (12128): Elaborating entity "MW_reg" for hierarchy "MW_reg:mw_reg"
Info (12128): Elaborating entity "instr_mem" for hierarchy "instr_mem:imem"
Warning (276027): Inferred dual-clock RAM node "instr_mem:imem|altsyncram:mem[0].opcode[4]__1" from synchronous design logic.  The read-during-write behavior of a dual-clock RAM is undefined and may not match the behavior of the original design.
Info (19000): Inferred 1 megafunctions from design logic
    Info (276029): Inferred altsyncram megafunction from the following design logic: "instr_mem:imem|altsyncram:mem[0].opcode[4]__1" 
        Info (286033): Parameter OPERATION_MODE set to DUAL_PORT
        Info (286033): Parameter WIDTH_A set to 16
        Info (286033): Parameter WIDTHAD_A set to 10
        Info (286033): Parameter NUMWORDS_A set to 1024
        Info (286033): Parameter WIDTH_B set to 16
        Info (286033): Parameter WIDTHAD_B set to 10
        Info (286033): Parameter NUMWORDS_B set to 1024
        Info (286033): Parameter ADDRESS_ACLR_A set to NONE
        Info (286033): Parameter OUTDATA_REG_B set to UNREGISTERED
        Info (286033): Parameter ADDRESS_ACLR_B set to NONE
        Info (286033): Parameter OUTDATA_ACLR_B set to NONE
        Info (286033): Parameter ADDRESS_REG_B set to CLOCK1
        Info (286033): Parameter INDATA_ACLR_A set to NONE
        Info (286033): Parameter WRCONTROL_ACLR_A set to NONE
Info (12128): Elaborating entity "altsyncram" for hierarchy "instr_mem:imem|altsyncram:mem[0].opcode[4]__1"
Info (12130): Elaborated megafunction instantiation "instr_mem:imem|altsyncram:mem[0].opcode[4]__1"
Info (12133): Instantiated megafunction "instr_mem:imem|altsyncram:mem[0].opcode[4]__1" with the following parameter:
    Info (12134): Parameter "OPERATION_MODE" = "DUAL_PORT"
    Info (12134): Parameter "WIDTH_A" = "16"
    Info (12134): Parameter "WIDTHAD_A" = "10"
    Info (12134): Parameter "NUMWORDS_A" = "1024"
    Info (12134): Parameter "WIDTH_B" = "16"
    Info (12134): Parameter "WIDTHAD_B" = "10"
    Info (12134): Parameter "NUMWORDS_B" = "1024"
    Info (12134): Parameter "ADDRESS_ACLR_A" = "NONE"
    Info (12134): Parameter "OUTDATA_REG_B" = "UNREGISTERED"
    Info (12134): Parameter "ADDRESS_ACLR_B" = "NONE"
    Info (12134): Parameter "OUTDATA_ACLR_B" = "NONE"
    Info (12134): Parameter "ADDRESS_REG_B" = "CLOCK1"
    Info (12134): Parameter "INDATA_ACLR_A" = "NONE"
    Info (12134): Parameter "WRCONTROL_ACLR_A" = "NONE"
Info (12021): Found 1 design units, including 1 entities, in source file db/altsyncram_42e1.tdf
    Info (12023): Found entity 1: altsyncram_42e1
Info (12128): Elaborating entity "altsyncram_42e1" for hierarchy "instr_mem:imem|altsyncram:mem[0].opcode[4]__1|altsyncram_42e1:auto_generated"
Info (12128): Elaborating entity "reg_file" for hierarchy "reg_file:rf"
Info (12128): Elaborating entity "alu" for hierarchy "alu:alu_1"
Info (12128): Elaborating entity "hazard_detection" for hierarchy "hazard_detection:hazard"
Warning (10034): Output port "bubble" at hazard_detection.sv(8) has no driver
Info (12128): Elaborating entity "cl_decode" for hierarchy "cl_decode:decode"
Info (12128): Elaborating entity "cl_state_machine" for hierarchy "cl_state_machine:state_machine"
Warning (13046): Tri-state node(s) do not directly drive top-level pin(s)
    Warning (13049): Converted tri-state buffer "DX_reg:dx_reg|dx_s_o.instruction_dx.rs_imm[0]" feeding internal logic into a wire
    Warning (13049): Converted tri-state buffer "DX_reg:dx_reg|dx_s_o.instruction_dx.rs_imm[1]" feeding internal logic into a wire
    Warning (13049): Converted tri-state buffer "DX_reg:dx_reg|dx_s_o.instruction_dx.rs_imm[2]" feeding internal logic into a wire
    Warning (13049): Converted tri-state buffer "DX_reg:dx_reg|dx_s_o.instruction_dx.rs_imm[3]" feeding internal logic into a wire
    Warning (13049): Converted tri-state buffer "DX_reg:dx_reg|dx_s_o.instruction_dx.rs_imm[4]" feeding internal logic into a wire
    Warning (13049): Converted tri-state buffer "DX_reg:dx_reg|dx_s_o.instruction_dx.rs_imm[5]" feeding internal logic into a wire
    Warning (13049): Converted tri-state buffer "DX_reg:dx_reg|dx_s_o.instruction_dx.rd[0]" feeding internal logic into a wire
    Warning (13049): Converted tri-state buffer "DX_reg:dx_reg|dx_s_o.instruction_dx.rd[1]" feeding internal logic into a wire
    Warning (13049): Converted tri-state buffer "DX_reg:dx_reg|dx_s_o.instruction_dx.rd[2]" feeding internal logic into a wire
    Warning (13049): Converted tri-state buffer "DX_reg:dx_reg|dx_s_o.instruction_dx.rd[3]" feeding internal logic into a wire
    Warning (13049): Converted tri-state buffer "DX_reg:dx_reg|dx_s_o.instruction_dx.rd[4]" feeding internal logic into a wire
    Warning (13049): Converted tri-state buffer "FD_reg:fd_reg|fd_s_o.instruction_fd.rs_imm[0]" feeding internal logic into a wire
    Warning (13049): Converted tri-state buffer "FD_reg:fd_reg|fd_s_o.instruction_fd.rs_imm[1]" feeding internal logic into a wire
    Warning (13049): Converted tri-state buffer "FD_reg:fd_reg|fd_s_o.instruction_fd.rs_imm[2]" feeding internal logic into a wire
    Warning (13049): Converted tri-state buffer "FD_reg:fd_reg|fd_s_o.instruction_fd.rs_imm[3]" feeding internal logic into a wire
    Warning (13049): Converted tri-state buffer "FD_reg:fd_reg|fd_s_o.instruction_fd.rs_imm[4]" feeding internal logic into a wire
    Warning (13049): Converted tri-state buffer "FD_reg:fd_reg|fd_s_o.instruction_fd.rs_imm[5]" feeding internal logic into a wire
    Warning (13049): Converted tri-state buffer "FD_reg:fd_reg|fd_s_o.instruction_fd.rd[0]" feeding internal logic into a wire
    Warning (13049): Converted tri-state buffer "FD_reg:fd_reg|fd_s_o.instruction_fd.rd[1]" feeding internal logic into a wire
    Warning (13049): Converted tri-state buffer "FD_reg:fd_reg|fd_s_o.instruction_fd.rd[2]" feeding internal logic into a wire
    Warning (13049): Converted tri-state buffer "FD_reg:fd_reg|fd_s_o.instruction_fd.rd[3]" feeding internal logic into a wire
    Warning (13049): Converted tri-state buffer "FD_reg:fd_reg|fd_s_o.instruction_fd.rd[4]" feeding internal logic into a wire
Warning (276020): Inferred RAM node "reg_file:rf|rf_rtl_0" from synchronous design logic.  Pass-through logic has been added to match the read-during-write behavior of the original design.
Warning (276020): Inferred RAM node "reg_file:rf|rf_rtl_1" from synchronous design logic.  Pass-through logic has been added to match the read-during-write behavior of the original design.
Info (19000): Inferred 2 megafunctions from design logic
    Info (276029): Inferred altsyncram megafunction from the following design logic: "reg_file:rf|rf_rtl_0" 
        Info (286033): Parameter OPERATION_MODE set to DUAL_PORT
        Info (286033): Parameter WIDTH_A set to 32
        Info (286033): Parameter WIDTHAD_A set to 6
        Info (286033): Parameter NUMWORDS_A set to 64
        Info (286033): Parameter WIDTH_B set to 32
        Info (286033): Parameter WIDTHAD_B set to 6
        Info (286033): Parameter NUMWORDS_B set to 64
        Info (286033): Parameter ADDRESS_ACLR_A set to NONE
        Info (286033): Parameter OUTDATA_REG_B set to UNREGISTERED
        Info (286033): Parameter ADDRESS_ACLR_B set to NONE
        Info (286033): Parameter OUTDATA_ACLR_B set to NONE
        Info (286033): Parameter ADDRESS_REG_B set to CLOCK0
        Info (286033): Parameter INDATA_ACLR_A set to NONE
        Info (286033): Parameter WRCONTROL_ACLR_A set to NONE
    Info (276029): Inferred altsyncram megafunction from the following design logic: "reg_file:rf|rf_rtl_1" 
        Info (286033): Parameter OPERATION_MODE set to DUAL_PORT
        Info (286033): Parameter WIDTH_A set to 32
        Info (286033): Parameter WIDTHAD_A set to 6
        Info (286033): Parameter NUMWORDS_A set to 64
        Info (286033): Parameter WIDTH_B set to 32
        Info (286033): Parameter WIDTHAD_B set to 6
        Info (286033): Parameter NUMWORDS_B set to 64
        Info (286033): Parameter ADDRESS_ACLR_A set to NONE
        Info (286033): Parameter OUTDATA_REG_B set to UNREGISTERED
        Info (286033): Parameter ADDRESS_ACLR_B set to NONE
        Info (286033): Parameter OUTDATA_ACLR_B set to NONE
        Info (286033): Parameter ADDRESS_REG_B set to CLOCK0
        Info (286033): Parameter INDATA_ACLR_A set to NONE
        Info (286033): Parameter WRCONTROL_ACLR_A set to NONE
Info (12130): Elaborated megafunction instantiation "reg_file:rf|altsyncram:rf_rtl_0"
Info (12133): Instantiated megafunction "reg_file:rf|altsyncram:rf_rtl_0" with the following parameter:
    Info (12134): Parameter "OPERATION_MODE" = "DUAL_PORT"
    Info (12134): Parameter "WIDTH_A" = "32"
    Info (12134): Parameter "WIDTHAD_A" = "6"
    Info (12134): Parameter "NUMWORDS_A" = "64"
    Info (12134): Parameter "WIDTH_B" = "32"
    Info (12134): Parameter "WIDTHAD_B" = "6"
    Info (12134): Parameter "NUMWORDS_B" = "64"
    Info (12134): Parameter "ADDRESS_ACLR_A" = "NONE"
    Info (12134): Parameter "OUTDATA_REG_B" = "UNREGISTERED"
    Info (12134): Parameter "ADDRESS_ACLR_B" = "NONE"
    Info (12134): Parameter "OUTDATA_ACLR_B" = "NONE"
    Info (12134): Parameter "ADDRESS_REG_B" = "CLOCK0"
    Info (12134): Parameter "INDATA_ACLR_A" = "NONE"
    Info (12134): Parameter "WRCONTROL_ACLR_A" = "NONE"
Info (12021): Found 1 design units, including 1 entities, in source file db/altsyncram_9sd1.tdf
    Info (12023): Found entity 1: altsyncram_9sd1
Info (12130): Elaborated megafunction instantiation "reg_file:rf|altsyncram:rf_rtl_1"
Info (12133): Instantiated megafunction "reg_file:rf|altsyncram:rf_rtl_1" with the following parameter:
    Info (12134): Parameter "OPERATION_MODE" = "DUAL_PORT"
    Info (12134): Parameter "WIDTH_A" = "32"
    Info (12134): Parameter "WIDTHAD_A" = "6"
    Info (12134): Parameter "NUMWORDS_A" = "64"
    Info (12134): Parameter "WIDTH_B" = "32"
    Info (12134): Parameter "WIDTHAD_B" = "6"
    Info (12134): Parameter "NUMWORDS_B" = "64"
    Info (12134): Parameter "ADDRESS_ACLR_A" = "NONE"
    Info (12134): Parameter "OUTDATA_REG_B" = "UNREGISTERED"
    Info (12134): Parameter "ADDRESS_ACLR_B" = "NONE"
    Info (12134): Parameter "OUTDATA_ACLR_B" = "NONE"
    Info (12134): Parameter "ADDRESS_REG_B" = "CLOCK0"
    Info (12134): Parameter "INDATA_ACLR_A" = "NONE"
    Info (12134): Parameter "WRCONTROL_ACLR_A" = "NONE"
Warning (12241): 1 hierarchies have connectivity warnings - see the Connectivity Checks report folder
Info (286030): Timing-Driven Synthesis is running
Info (17049): 22 registers lost all their fanouts during netlist optimizations.
Info (144001): Generated suppressed messages file C:/Users/heng_2/Desktop/fucked up 141 L/5-stages-pipeline/output_files/core.map.smsg
Info (16010): Generating hard_block partition "hard_block:auto_generated_inst"
    Info (16011): Adding 0 node(s), including 0 DDIO, 0 PLL, 0 transceiver and 0 LCELL
Info (21057): Implemented 2168 device resources after synthesis - the final resource count might be different
    Info (21058): Implemented 101 input pins
    Info (21059): Implemented 171 output pins
    Info (21061): Implemented 1816 logic cells
    Info (21064): Implemented 80 RAM segments
Info: Quartus II 64-Bit Analysis & Synthesis was successful. 0 errors, 31 warnings
    Info: Peak virtual memory: 636 megabytes
    Info: Processing ended: Wed Mar 04 23:21:14 2015
    Info: Elapsed time: 00:00:11
    Info: Total CPU time (on all processors): 00:00:08


+------------------------------------------+
; Analysis & Synthesis Suppressed Messages ;
+------------------------------------------+
The suppressed messages can be found in C:/Users/heng_2/Desktop/fucked up 141 L/5-stages-pipeline/output_files/core.map.smsg.


